ROOT : Unable to compute the geometry
00013B : Unable to compute the geometry
00013C : Unable to compute the geometry
00013D : Unable to compute the geometry
00013H : Unable to compute the geometry
00013J : Unable to compute the geometry
00013F : Unable to compute the geometry
00013G : Unable to compute the geometry
00013L : Unable to compute the geometry
00013M : Unable to compute the geometry
00013N : Unable to compute the geometry
00013P : Unable to compute the geometry
00013Q : Unable to compute the geometry
00013R : Unable to compute the geometry
00013K : Unable to compute the geometry
00013S : Unable to compute the geometry
00013T : Unable to compute the geometry
00013W : Unable to compute the geometry
00013Y : Unable to compute the geometry
00016J : Unable to compute the geometry
00013V : Unable to compute the geometry
00013X : Unable to compute the geometry
000140 : Unable to compute the geometry
00014M : Unable to compute the geometry
00014N : Unable to compute the geometry
00014P : Unable to compute the geometry
00016K : Unable to compute the geometry
000141 : Unable to compute the geometry
000142 : Unable to compute the geometry
000143 : Unable to compute the geometry
000144 : Unable to compute the geometry
000145 : Unable to compute the geometry
000146 : Unable to compute the geometry
00015R : Unable to compute the geometry
000147 : Unable to compute the geometry
00014Q : Unable to compute the geometry
00015S : Unable to compute the geometry
00016L : Unable to compute the geometry
000148 : Unable to compute the geometry
000149 : Unable to compute the geometry
00014B : Unable to compute the geometry
000150 : Unable to compute the geometry
000151 : Unable to compute the geometry
00016M : Unable to compute the geometry
00014Y : Unable to compute the geometry
00014C : Unable to compute the geometry
00016P : Unable to compute the geometry
00014D : Unable to compute the geometry
00014F : Unable to compute the geometry
00014H : Unable to compute the geometry
00014J : Unable to compute the geometry
00014K : Unable to compute the geometry
00014L : Unable to compute the geometry
00014G : Unable to compute the geometry
00014R : Unable to compute the geometry
00014S : Unable to compute the geometry
00014T : Unable to compute the geometry
00014V : Unable to compute the geometry
00014W : Unable to compute the geometry
00014X : Unable to compute the geometry
000152 : Unable to compute the geometry
000153 : Unable to compute the geometry
000154 : Unable to compute the geometry
000155 : Unable to compute the geometry
000156 : Unable to compute the geometry
000157 : Unable to compute the geometry
000158 : Unable to compute the geometry
000159 : Unable to compute the geometry
00015G : Unable to compute the geometry
00015H : Unable to compute the geometry
00015B : Unable to compute the geometry
00016N : Unable to compute the geometry
00015C : Unable to compute the geometry
00015J : Unable to compute the geometry
00015K : Unable to compute the geometry
00015L : Unable to compute the geometry
00015T : Unable to compute the geometry
00015V : Unable to compute the geometry
00015D : Unable to compute the geometry
00015F : Unable to compute the geometry
000165 : Unable to compute the geometry
00015M : Unable to compute the geometry
00015N : Unable to compute the geometry
00015Q : Unable to compute the geometry
00015P : Unable to compute the geometry
00015W : Unable to compute the geometry
00015X : Unable to compute the geometry
00015Y : Unable to compute the geometry
000160 : Unable to compute the geometry
000161 : Unable to compute the geometry
000162 : Unable to compute the geometry
000163 : Unable to compute the geometry
000164 : Unable to compute the geometry
00016H : Unable to compute the geometry
000166 : Unable to compute the geometry
000167 : Unable to compute the geometry
000168 : Unable to compute the geometry
000169 : Unable to compute the geometry
00016B : Unable to compute the geometry
00016C : Unable to compute the geometry
00016D : Unable to compute the geometry
00016F : Unable to compute the geometry
00016G : Unable to compute the geometry
00016Q : Unable to compute the geometry
00016R : Unable to compute the geometry
00016S : Unable to compute the geometry
00016T : Unable to compute the geometry
00016V : Unable to compute the geometry
00016W : Unable to compute the geometry
00016X : Unable to compute the geometry
00016Y : Unable to compute the geometry
000170 : Unable to compute the geometry
000171 : Unable to compute the geometry
000172 : Unable to compute the geometry
000173 : Unable to compute the geometry
000174 : Unable to compute the geometry
000175 : Unable to compute the geometry
000176 : Unable to compute the geometry
000177 : Unable to compute the geometry
000178 : Unable to compute the geometry
000179 : Unable to compute the geometry
00017B : Unable to compute the geometry
00017C : Unable to compute the geometry
00017D : Unable to compute the geometry
00017F : Unable to compute the geometry
00017G : Unable to compute the geometry
00017H : Unable to compute the geometry
00017J : Unable to compute the geometry
00017K : Unable to compute the geometry
00017L : Unable to compute the geometry
00017M : Unable to compute the geometry
00017N : Unable to compute the geometry
00017P : Unable to compute the geometry
00017Q : Unable to compute the geometry
00017R : Unable to compute the geometry
00017S : Unable to compute the geometry
00017T : Unable to compute the geometry
00017V : Unable to compute the geometry
00017W : Unable to compute the geometry
00017X : Unable to compute the geometry
00017Y : Unable to compute the geometry
000180 : Unable to compute the geometry
000181 : Unable to compute the geometry
000182 : Unable to compute the geometry
000183 : Unable to compute the geometry
000184 : Unable to compute the geometry
000185 : Unable to compute the geometry
000186 : Unable to compute the geometry
000187 : Unable to compute the geometry
000188 : Unable to compute the geometry
000189 : Unable to compute the geometry
00018B : Unable to compute the geometry
00018C : Unable to compute the geometry
00018D : Unable to compute the geometry
00018F : Unable to compute the geometry
00018G : Unable to compute the geometry
