ROOT : Unable to compute the geometry
00013B : Unable to compute the geometry
00013C : Unable to compute the geometry
00013D : Unable to compute the geometry
00013H : Unable to compute the geometry
00013J : Unable to compute the geometry
00013F : Unable to compute the geometry
00013G : Unable to compute the geometry
00013K : Unable to compute the geometry
00013L : Unable to compute the geometry
00013M : Unable to compute the geometry
00013N : Unable to compute the geometry
00013P : Unable to compute the geometry
00013Q : Unable to compute the geometry
00013R : Unable to compute the geometry
00013S : Unable to compute the geometry
00013T : Unable to compute the geometry
00013W : Unable to compute the geometry
00013Y : Unable to compute the geometry
00013V : Unable to compute the geometry
00013X : Unable to compute the geometry
000140 : Unable to compute the geometry
00014M : Unable to compute the geometry
00014N : Unable to compute the geometry
00014P : Unable to compute the geometry
000141 : Unable to compute the geometry
000142 : Unable to compute the geometry
000143 : Unable to compute the geometry
000144 : Unable to compute the geometry
000145 : Unable to compute the geometry
000146 : Unable to compute the geometry
00015R : Unable to compute the geometry
000147 : Unable to compute the geometry
00014Q : Unable to compute the geometry
00015S : Unable to compute the geometry
000148 : Unable to compute the geometry
000149 : Unable to compute the geometry
00014B : Unable to compute the geometry
000150 : Unable to compute the geometry
000151 : Unable to compute the geometry
00014Y : Unable to compute the geometry
00014C : Unable to compute the geometry
00014D : Unable to compute the geometry
00014F : Unable to compute the geometry
00014H : Unable to compute the geometry
00014J : Unable to compute the geometry
00014K : Unable to compute the geometry
00014L : Unable to compute the geometry
00014G : Unable to compute the geometry
00014R : Unable to compute the geometry
00014S : Unable to compute the geometry
00014T : Unable to compute the geometry
00014V : Unable to compute the geometry
00014W : Unable to compute the geometry
00014X : Unable to compute the geometry
000152 : Unable to compute the geometry
000153 : Unable to compute the geometry
000154 : Unable to compute the geometry
000155 : Unable to compute the geometry
000156 : Unable to compute the geometry
000157 : Unable to compute the geometry
000158 : Unable to compute the geometry
000159 : Unable to compute the geometry
00015G : Unable to compute the geometry
00015H : Unable to compute the geometry
00015B : Unable to compute the geometry
00015C : Unable to compute the geometry
00015J : Unable to compute the geometry
00015K : Unable to compute the geometry
00015L : Unable to compute the geometry
00015T : Unable to compute the geometry
00015V : Unable to compute the geometry
00015D : Unable to compute the geometry
00015F : Unable to compute the geometry
000165 : Unable to compute the geometry
00015M : Unable to compute the geometry
00015N : Unable to compute the geometry
00015Q : Unable to compute the geometry
00015P : Unable to compute the geometry
00015W : Unable to compute the geometry
00015X : Unable to compute the geometry
00015Y : Unable to compute the geometry
000160 : Unable to compute the geometry
000161 : Unable to compute the geometry
000162 : Unable to compute the geometry
000163 : Unable to compute the geometry
000164 : Unable to compute the geometry
000166 : Unable to compute the geometry
00013B : Unable to compute the geometry
00013C : Unable to compute the geometry
00013D : Unable to compute the geometry
00013H : Unable to compute the geometry
00013J : Unable to compute the geometry
00013F : Unable to compute the geometry
00013G : Unable to compute the geometry
00013K : Unable to compute the geometry
00013L : Unable to compute the geometry
00013M : Unable to compute the geometry
00013N : Unable to compute the geometry
00013P : Unable to compute the geometry
00013Q : Unable to compute the geometry
00013R : Unable to compute the geometry
00013S : Unable to compute the geometry
00013T : Unable to compute the geometry
00013W : Unable to compute the geometry
00013Y : Unable to compute the geometry
00013V : Unable to compute the geometry
00013X : Unable to compute the geometry
000140 : Unable to compute the geometry
00014M : Unable to compute the geometry
00014N : Unable to compute the geometry
00014P : Unable to compute the geometry
000141 : Unable to compute the geometry
000142 : Unable to compute the geometry
000143 : Unable to compute the geometry
000144 : Unable to compute the geometry
000145 : Unable to compute the geometry
000146 : Unable to compute the geometry
00015R : Unable to compute the geometry
000147 : Unable to compute the geometry
00014Q : Unable to compute the geometry
00015S : Unable to compute the geometry
000148 : Unable to compute the geometry
000149 : Unable to compute the geometry
00014B : Unable to compute the geometry
000150 : Unable to compute the geometry
000151 : Unable to compute the geometry
00014Y : Unable to compute the geometry
00014C : Unable to compute the geometry
00014D : Unable to compute the geometry
00014F : Unable to compute the geometry
00014H : Unable to compute the geometry
00014J : Unable to compute the geometry
00014K : Unable to compute the geometry
00014L : Unable to compute the geometry
00014G : Unable to compute the geometry
00014R : Unable to compute the geometry
00014S : Unable to compute the geometry
00014T : Unable to compute the geometry
00014V : Unable to compute the geometry
00014W : Unable to compute the geometry
00014X : Unable to compute the geometry
000152 : Unable to compute the geometry
000153 : Unable to compute the geometry
000154 : Unable to compute the geometry
000155 : Unable to compute the geometry
000156 : Unable to compute the geometry
000157 : Unable to compute the geometry
000158 : Unable to compute the geometry
000159 : Unable to compute the geometry
00015G : Unable to compute the geometry
00015H : Unable to compute the geometry
00015B : Unable to compute the geometry
00015C : Unable to compute the geometry
00015J : Unable to compute the geometry
00015K : Unable to compute the geometry
00015L : Unable to compute the geometry
00015T : Unable to compute the geometry
00015V : Unable to compute the geometry
00015D : Unable to compute the geometry
00015F : Unable to compute the geometry
000165 : Unable to compute the geometry
00015M : Unable to compute the geometry
00015N : Unable to compute the geometry
00015Q : Unable to compute the geometry
00015P : Unable to compute the geometry
00015W : Unable to compute the geometry
00015X : Unable to compute the geometry
00015Y : Unable to compute the geometry
000160 : Unable to compute the geometry
000161 : Unable to compute the geometry
000162 : Unable to compute the geometry
000163 : Unable to compute the geometry
000164 : Unable to compute the geometry
000166 : Unable to compute the geometry
00013B : Unable to compute the geometry
00013C : Unable to compute the geometry
00013D : Unable to compute the geometry
00013H : Unable to compute the geometry
00013J : Unable to compute the geometry
00013F : Unable to compute the geometry
00013G : Unable to compute the geometry
00013K : Unable to compute the geometry
00013L : Unable to compute the geometry
00013M : Unable to compute the geometry
00013N : Unable to compute the geometry
00013P : Unable to compute the geometry
00013Q : Unable to compute the geometry
00013R : Unable to compute the geometry
00013S : Unable to compute the geometry
00013T : Unable to compute the geometry
00013W : Unable to compute the geometry
00013Y : Unable to compute the geometry
00013V : Unable to compute the geometry
00013X : Unable to compute the geometry
000140 : Unable to compute the geometry
00014M : Unable to compute the geometry
00014N : Unable to compute the geometry
00014P : Unable to compute the geometry
000141 : Unable to compute the geometry
000142 : Unable to compute the geometry
000143 : Unable to compute the geometry
000144 : Unable to compute the geometry
000145 : Unable to compute the geometry
000146 : Unable to compute the geometry
00015R : Unable to compute the geometry
000147 : Unable to compute the geometry
00014Q : Unable to compute the geometry
00015S : Unable to compute the geometry
000148 : Unable to compute the geometry
000149 : Unable to compute the geometry
00014B : Unable to compute the geometry
000150 : Unable to compute the geometry
000151 : Unable to compute the geometry
00014Y : Unable to compute the geometry
00014C : Unable to compute the geometry
00014D : Unable to compute the geometry
00014F : Unable to compute the geometry
00014H : Unable to compute the geometry
00014J : Unable to compute the geometry
00014K : Unable to compute the geometry
00014L : Unable to compute the geometry
00014G : Unable to compute the geometry
00014R : Unable to compute the geometry
00014S : Unable to compute the geometry
00014T : Unable to compute the geometry
00014V : Unable to compute the geometry
00014W : Unable to compute the geometry
00014X : Unable to compute the geometry
000152 : Unable to compute the geometry
000153 : Unable to compute the geometry
000154 : Unable to compute the geometry
000155 : Unable to compute the geometry
000156 : Unable to compute the geometry
000157 : Unable to compute the geometry
000158 : Unable to compute the geometry
000159 : Unable to compute the geometry
00015G : Unable to compute the geometry
00015H : Unable to compute the geometry
00015B : Unable to compute the geometry
00015C : Unable to compute the geometry
00015J : Unable to compute the geometry
00015K : Unable to compute the geometry
00015L : Unable to compute the geometry
00015T : Unable to compute the geometry
00015V : Unable to compute the geometry
00015D : Unable to compute the geometry
00015F : Unable to compute the geometry
000165 : Unable to compute the geometry
00015M : Unable to compute the geometry
00015N : Unable to compute the geometry
00015Q : Unable to compute the geometry
00015P : Unable to compute the geometry
00015W : Unable to compute the geometry
00015X : Unable to compute the geometry
00015Y : Unable to compute the geometry
000160 : Unable to compute the geometry
000161 : Unable to compute the geometry
000162 : Unable to compute the geometry
000163 : Unable to compute the geometry
000164 : Unable to compute the geometry
000166 : Unable to compute the geometry
00013B : Unable to compute the geometry
00013C : Unable to compute the geometry
00013D : Unable to compute the geometry
00013H : Unable to compute the geometry
00013J : Unable to compute the geometry
00013F : Unable to compute the geometry
00013G : Unable to compute the geometry
00013K : Unable to compute the geometry
00013L : Unable to compute the geometry
00013M : Unable to compute the geometry
00013N : Unable to compute the geometry
00013P : Unable to compute the geometry
00013Q : Unable to compute the geometry
00013R : Unable to compute the geometry
00013S : Unable to compute the geometry
00013T : Unable to compute the geometry
00013W : Unable to compute the geometry
00013Y : Unable to compute the geometry
00013V : Unable to compute the geometry
00013X : Unable to compute the geometry
000140 : Unable to compute the geometry
00014M : Unable to compute the geometry
00014N : Unable to compute the geometry
00014P : Unable to compute the geometry
000141 : Unable to compute the geometry
000142 : Unable to compute the geometry
000143 : Unable to compute the geometry
000144 : Unable to compute the geometry
000145 : Unable to compute the geometry
000146 : Unable to compute the geometry
00015R : Unable to compute the geometry
000147 : Unable to compute the geometry
00014Q : Unable to compute the geometry
00015S : Unable to compute the geometry
000148 : Unable to compute the geometry
000149 : Unable to compute the geometry
00014B : Unable to compute the geometry
000150 : Unable to compute the geometry
000151 : Unable to compute the geometry
00014Y : Unable to compute the geometry
00014C : Unable to compute the geometry
00014D : Unable to compute the geometry
00014F : Unable to compute the geometry
00014H : Unable to compute the geometry
00014J : Unable to compute the geometry
00014K : Unable to compute the geometry
00014L : Unable to compute the geometry
00014G : Unable to compute the geometry
00014R : Unable to compute the geometry
00014S : Unable to compute the geometry
00014T : Unable to compute the geometry
00014V : Unable to compute the geometry
00014W : Unable to compute the geometry
00014X : Unable to compute the geometry
000152 : Unable to compute the geometry
000153 : Unable to compute the geometry
000154 : Unable to compute the geometry
000155 : Unable to compute the geometry
000156 : Unable to compute the geometry
000157 : Unable to compute the geometry
000158 : Unable to compute the geometry
000159 : Unable to compute the geometry
00015G : Unable to compute the geometry
00015H : Unable to compute the geometry
00015B : Unable to compute the geometry
00015C : Unable to compute the geometry
00015J : Unable to compute the geometry
00015K : Unable to compute the geometry
00015L : Unable to compute the geometry
00015T : Unable to compute the geometry
00015V : Unable to compute the geometry
00015D : Unable to compute the geometry
00015F : Unable to compute the geometry
000165 : Unable to compute the geometry
00015M : Unable to compute the geometry
00015N : Unable to compute the geometry
00015Q : Unable to compute the geometry
00015P : Unable to compute the geometry
00015W : Unable to compute the geometry
00015X : Unable to compute the geometry
00015Y : Unable to compute the geometry
000160 : Unable to compute the geometry
000161 : Unable to compute the geometry
000162 : Unable to compute the geometry
000163 : Unable to compute the geometry
000164 : Unable to compute the geometry
000166 : Unable to compute the geometry
00013B : Unable to compute the geometry
00013C : Unable to compute the geometry
00013D : Unable to compute the geometry
00013H : Unable to compute the geometry
00013J : Unable to compute the geometry
00013F : Unable to compute the geometry
00013G : Unable to compute the geometry
00013K : Unable to compute the geometry
00013L : Unable to compute the geometry
00013M : Unable to compute the geometry
00013N : Unable to compute the geometry
00013P : Unable to compute the geometry
00013Q : Unable to compute the geometry
00013R : Unable to compute the geometry
00013S : Unable to compute the geometry
00013T : Unable to compute the geometry
00013W : Unable to compute the geometry
00013Y : Unable to compute the geometry
00013V : Unable to compute the geometry
00013X : Unable to compute the geometry
000140 : Unable to compute the geometry
00014M : Unable to compute the geometry
00014N : Unable to compute the geometry
00014P : Unable to compute the geometry
000141 : Unable to compute the geometry
000142 : Unable to compute the geometry
000143 : Unable to compute the geometry
000144 : Unable to compute the geometry
000145 : Unable to compute the geometry
000146 : Unable to compute the geometry
00015R : Unable to compute the geometry
000147 : Unable to compute the geometry
00014Q : Unable to compute the geometry
00015S : Unable to compute the geometry
000148 : Unable to compute the geometry
000149 : Unable to compute the geometry
00014B : Unable to compute the geometry
000150 : Unable to compute the geometry
000151 : Unable to compute the geometry
00014Y : Unable to compute the geometry
00014C : Unable to compute the geometry
00014D : Unable to compute the geometry
00014F : Unable to compute the geometry
00014H : Unable to compute the geometry
00014J : Unable to compute the geometry
00014K : Unable to compute the geometry
00014L : Unable to compute the geometry
00014G : Unable to compute the geometry
00014R : Unable to compute the geometry
00014S : Unable to compute the geometry
00014T : Unable to compute the geometry
00014V : Unable to compute the geometry
00014W : Unable to compute the geometry
00014X : Unable to compute the geometry
000152 : Unable to compute the geometry
000153 : Unable to compute the geometry
000154 : Unable to compute the geometry
000155 : Unable to compute the geometry
000156 : Unable to compute the geometry
000157 : Unable to compute the geometry
000158 : Unable to compute the geometry
000159 : Unable to compute the geometry
00015G : Unable to compute the geometry
00015H : Unable to compute the geometry
00015B : Unable to compute the geometry
00015C : Unable to compute the geometry
00015J : Unable to compute the geometry
00015K : Unable to compute the geometry
00015L : Unable to compute the geometry
00015T : Unable to compute the geometry
00015V : Unable to compute the geometry
00015D : Unable to compute the geometry
00015F : Unable to compute the geometry
000165 : Unable to compute the geometry
00015M : Unable to compute the geometry
00015N : Unable to compute the geometry
00015Q : Unable to compute the geometry
00015P : Unable to compute the geometry
00015W : Unable to compute the geometry
00015X : Unable to compute the geometry
00015Y : Unable to compute the geometry
000160 : Unable to compute the geometry
000161 : Unable to compute the geometry
000162 : Unable to compute the geometry
000163 : Unable to compute the geometry
000164 : Unable to compute the geometry
000166 : Unable to compute the geometry
00013B : Unable to compute the geometry
00013C : Unable to compute the geometry
00013D : Unable to compute the geometry
00013H : Unable to compute the geometry
00013J : Unable to compute the geometry
00013F : Unable to compute the geometry
00013G : Unable to compute the geometry
00013K : Unable to compute the geometry
00013L : Unable to compute the geometry
00013M : Unable to compute the geometry
00013N : Unable to compute the geometry
00013P : Unable to compute the geometry
00013Q : Unable to compute the geometry
00013R : Unable to compute the geometry
00013S : Unable to compute the geometry
00013T : Unable to compute the geometry
00013W : Unable to compute the geometry
00013Y : Unable to compute the geometry
00013V : Unable to compute the geometry
00013X : Unable to compute the geometry
000140 : Unable to compute the geometry
00014M : Unable to compute the geometry
00014N : Unable to compute the geometry
00014P : Unable to compute the geometry
000141 : Unable to compute the geometry
000142 : Unable to compute the geometry
000143 : Unable to compute the geometry
000144 : Unable to compute the geometry
000145 : Unable to compute the geometry
000146 : Unable to compute the geometry
00015R : Unable to compute the geometry
000147 : Unable to compute the geometry
00014Q : Unable to compute the geometry
00015S : Unable to compute the geometry
000148 : Unable to compute the geometry
000149 : Unable to compute the geometry
00014B : Unable to compute the geometry
000150 : Unable to compute the geometry
000151 : Unable to compute the geometry
00014Y : Unable to compute the geometry
00014C : Unable to compute the geometry
00014D : Unable to compute the geometry
00014F : Unable to compute the geometry
00014H : Unable to compute the geometry
00014J : Unable to compute the geometry
00014K : Unable to compute the geometry
00014L : Unable to compute the geometry
00014G : Unable to compute the geometry
00014R : Unable to compute the geometry
00014S : Unable to compute the geometry
00014T : Unable to compute the geometry
00014V : Unable to compute the geometry
00014W : Unable to compute the geometry
00014X : Unable to compute the geometry
000152 : Unable to compute the geometry
000153 : Unable to compute the geometry
000154 : Unable to compute the geometry
000155 : Unable to compute the geometry
000156 : Unable to compute the geometry
000157 : Unable to compute the geometry
000158 : Unable to compute the geometry
000159 : Unable to compute the geometry
00015G : Unable to compute the geometry
00015H : Unable to compute the geometry
00015B : Unable to compute the geometry
00015C : Unable to compute the geometry
00015J : Unable to compute the geometry
00015K : Unable to compute the geometry
00015L : Unable to compute the geometry
00015T : Unable to compute the geometry
00015V : Unable to compute the geometry
00015D : Unable to compute the geometry
00015F : Unable to compute the geometry
000165 : Unable to compute the geometry
00015M : Unable to compute the geometry
00015N : Unable to compute the geometry
00015Q : Unable to compute the geometry
00015P : Unable to compute the geometry
00015W : Unable to compute the geometry
00015X : Unable to compute the geometry
00015Y : Unable to compute the geometry
000160 : Unable to compute the geometry
000161 : Unable to compute the geometry
000162 : Unable to compute the geometry
000163 : Unable to compute the geometry
000164 : Unable to compute the geometry
000166 : Unable to compute the geometry
00013B : Unable to compute the geometry
00013C : Unable to compute the geometry
00013D : Unable to compute the geometry
00013H : Unable to compute the geometry
00013J : Unable to compute the geometry
00013F : Unable to compute the geometry
00013G : Unable to compute the geometry
00013K : Unable to compute the geometry
00013L : Unable to compute the geometry
00013M : Unable to compute the geometry
00013N : Unable to compute the geometry
00013P : Unable to compute the geometry
00013Q : Unable to compute the geometry
00013R : Unable to compute the geometry
00013S : Unable to compute the geometry
00013T : Unable to compute the geometry
00013W : Unable to compute the geometry
00013Y : Unable to compute the geometry
00013V : Unable to compute the geometry
00013X : Unable to compute the geometry
000140 : Unable to compute the geometry
00014M : Unable to compute the geometry
00014N : Unable to compute the geometry
00014P : Unable to compute the geometry
000141 : Unable to compute the geometry
000142 : Unable to compute the geometry
000143 : Unable to compute the geometry
000144 : Unable to compute the geometry
000145 : Unable to compute the geometry
000146 : Unable to compute the geometry
00015R : Unable to compute the geometry
000147 : Unable to compute the geometry
00014Q : Unable to compute the geometry
00015S : Unable to compute the geometry
000148 : Unable to compute the geometry
000149 : Unable to compute the geometry
00014B : Unable to compute the geometry
000150 : Unable to compute the geometry
000151 : Unable to compute the geometry
00014Y : Unable to compute the geometry
00014C : Unable to compute the geometry
00014D : Unable to compute the geometry
00014F : Unable to compute the geometry
00014H : Unable to compute the geometry
00014J : Unable to compute the geometry
00014K : Unable to compute the geometry
00014L : Unable to compute the geometry
00014G : Unable to compute the geometry
00014R : Unable to compute the geometry
00014S : Unable to compute the geometry
00014T : Unable to compute the geometry
00014V : Unable to compute the geometry
00014W : Unable to compute the geometry
00014X : Unable to compute the geometry
000152 : Unable to compute the geometry
000153 : Unable to compute the geometry
000154 : Unable to compute the geometry
000155 : Unable to compute the geometry
000156 : Unable to compute the geometry
000157 : Unable to compute the geometry
000158 : Unable to compute the geometry
000159 : Unable to compute the geometry
00015G : Unable to compute the geometry
00015H : Unable to compute the geometry
00015B : Unable to compute the geometry
00015C : Unable to compute the geometry
00015J : Unable to compute the geometry
00015K : Unable to compute the geometry
00015L : Unable to compute the geometry
00015T : Unable to compute the geometry
00015V : Unable to compute the geometry
00015D : Unable to compute the geometry
00015F : Unable to compute the geometry
000165 : Unable to compute the geometry
00015M : Unable to compute the geometry
00015N : Unable to compute the geometry
00015Q : Unable to compute the geometry
00015P : Unable to compute the geometry
00015W : Unable to compute the geometry
00015X : Unable to compute the geometry
00015Y : Unable to compute the geometry
000160 : Unable to compute the geometry
000161 : Unable to compute the geometry
000162 : Unable to compute the geometry
000163 : Unable to compute the geometry
000164 : Unable to compute the geometry
000166 : Unable to compute the geometry
